app/build/intermediates/manifest_merge_blame_file/debug/processDebugMainManifest/manifest-merger-blame-debug-report.txt
1<?xml version="1.0" encoding="utf-8"?>
2<manifest xmlns:android="http://schemas.android.com/apk/res/android"
3    package="com.example.zapzap"
4    android:versionCode="1"
5    android:versionName="1.0" >
6
7    <uses-sdk
8        android:minSdkVersion="26"
9        android:targetSdkVersion="35" />
10
11    <!-- Network -->
12    <uses-permission android:name="android.permission.INTERNET" />
12-->src\main\AndroidManifest.xml:6:5-67
12-->src\main\AndroidManifest.xml:6:22-64
13    <uses-permission android:name="android.permission.ACCESS_NETWORK_STATE" />
13-->src\main\AndroidManifest.xml:7:5-79
13-->src\main\AndroidManifest.xml:7:22-76
14    <uses-permission android:name="android.permission.ACCESS_WIFI_STATE" />
14-->src\main\AndroidManifest.xml:8:5-76
14-->src\main\AndroidManifest.xml:8:22-73
15
16    <!-- Location -->
17    <uses-permission android:name="android.permission.ACCESS_FINE_LOCATION" />
17-->src\main\AndroidManifest.xml:11:5-79
17-->src\main\AndroidManifest.xml:11:22-76
18    <uses-permission android:name="android.permission.ACCESS_COARSE_LOCATION" />
18-->src\main\AndroidManifest.xml:12:5-81
18-->src\main\AndroidManifest.xml:12:22-78
19
20    <!-- Camera and Audio -->
21    <uses-permission android:name="android.permission.CAMERA" />
21-->src\main\AndroidManifest.xml:15:5-65
21-->src\main\AndroidManifest.xml:15:22-62
22    <uses-permission android:name="android.permission.RECORD_AUDIO" />
22-->src\main\AndroidManifest.xml:16:5-71
22-->src\main\AndroidManifest.xml:16:22-68
23
24    <!-- Contacts -->
25    <uses-permission android:name="android.permission.READ_CONTACTS" />
25-->src\main\AndroidManifest.xml:19:5-72
25-->src\main\AndroidManifest.xml:19:22-69
26
27    <!-- Notifications -->
28    <uses-permission android:name="android.permission.POST_NOTIFICATIONS" />
28-->src\main\AndroidManifest.xml:22:5-77
28-->src\main\AndroidManifest.xml:22:22-74
29
30    <!-- Storage (API 33+) -->
31    <uses-permission android:name="android.permission.READ_MEDIA_IMAGES" />
31-->src\main\AndroidManifest.xml:25:5-76
31-->src\main\AndroidManifest.xml:25:22-73
32    <uses-permission android:name="android.permission.READ_MEDIA_VIDEO" />
32-->src\main\AndroidManifest.xml:26:5-75
32-->src\main\AndroidManifest.xml:26:22-72
33    <uses-permission android:name="android.permission.READ_MEDIA_VISUAL_USER_SELECTED" />
33-->src\main\AndroidManifest.xml:27:5-90
33-->src\main\AndroidManifest.xml:27:22-87
34    <uses-permission
34-->src\main\AndroidManifest.xml:28:5-107
35        android:name="android.permission.READ_EXTERNAL_STORAGE"
35-->src\main\AndroidManifest.xml:28:22-77
36        android:maxSdkVersion="32" />
36-->src\main\AndroidManifest.xml:28:78-104
37
38    <uses-feature
38-->[com.google.android.gms:play-services-maps:19.0.0] AndroidManifest.xml:26:5-28:35
39        android:glEsVersion="0x00020000"
39-->[com.google.android.gms:play-services-maps:19.0.0] AndroidManifest.xml:27:9-41
40        android:required="true" />
40-->[com.google.android.gms:play-services-maps:19.0.0] AndroidManifest.xml:28:9-32
41
42    <queries>
42-->[com.google.android.gms:play-services-maps:19.0.0] AndroidManifest.xml:30:5-34:15
43
44        <!-- Needs to be explicitly declared on Android R+ -->
45        <package android:name="com.google.android.apps.maps" />
45-->[com.google.android.gms:play-services-maps:19.0.0] AndroidManifest.xml:33:9-64
45-->[com.google.android.gms:play-services-maps:19.0.0] AndroidManifest.xml:33:18-61
46    </queries>
47
48    <uses-permission android:name="android.permission.WAKE_LOCK" /> <!-- Required by older versions of Google Play services to create IID tokens -->
48-->[com.google.firebase:firebase-messaging:24.1.0] AndroidManifest.xml:24:5-68
48-->[com.google.firebase:firebase-messaging:24.1.0] AndroidManifest.xml:24:22-65
49    <uses-permission android:name="com.google.android.c2dm.permission.RECEIVE" />
49-->[com.google.firebase:firebase-messaging:24.1.0] AndroidManifest.xml:26:5-82
49-->[com.google.firebase:firebase-messaging:24.1.0] AndroidManifest.xml:26:22-79
50    <uses-permission android:name="com.google.android.providers.gsf.permission.READ_GSERVICES" />
50-->[com.google.android.recaptcha:recaptcha:18.5.1] AndroidManifest.xml:9:5-98
50-->[com.google.android.recaptcha:recaptcha:18.5.1] AndroidManifest.xml:9:22-95
51
52    <permission
52-->[androidx.core:core:1.15.0] AndroidManifest.xml:22:5-24:47
53        android:name="com.example.zapzap.DYNAMIC_RECEIVER_NOT_EXPORTED_PERMISSION"
53-->[androidx.core:core:1.15.0] AndroidManifest.xml:23:9-81
54        android:protectionLevel="signature" />
54-->[androidx.core:core:1.15.0] AndroidManifest.xml:24:9-44
55
56    <uses-permission android:name="com.example.zapzap.DYNAMIC_RECEIVER_NOT_EXPORTED_PERMISSION" />
56-->[androidx.core:core:1.15.0] AndroidManifest.xml:26:5-97
56-->[androidx.core:core:1.15.0] AndroidManifest.xml:26:22-94
57
58    <application
58-->src\main\AndroidManifest.xml:30:5-70:19
59        android:name="com.example.zapzap.ZapZapApplication"
59-->src\main\AndroidManifest.xml:31:9-42
60        android:allowBackup="true"
60-->src\main\AndroidManifest.xml:32:9-35
61        android:appComponentFactory="androidx.core.app.CoreComponentFactory"
61-->[androidx.core:core:1.15.0] AndroidManifest.xml:28:18-86
62        android:debuggable="true"
63        android:extractNativeLibs="false"
64        android:icon="@android:mipmap/sym_def_app_icon"
64-->src\main\AndroidManifest.xml:33:9-56
65        android:label="@string/app_name"
65-->src\main\AndroidManifest.xml:34:9-41
66        android:roundIcon="@android:mipmap/sym_def_app_icon"
66-->src\main\AndroidManifest.xml:35:9-61
67        android:supportsRtl="true"
67-->src\main\AndroidManifest.xml:36:9-35
68        android:testOnly="true"
69        android:theme="@style/Theme.ZapZap"
69-->src\main\AndroidManifest.xml:37:9-44
70        android:usesCleartextTraffic="true" >
70-->src\main\AndroidManifest.xml:38:9-44
71        <activity
71-->src\main\AndroidManifest.xml:41:9-50:20
72            android:name="com.example.zapzap.MainActivity"
72-->src\main\AndroidManifest.xml:42:13-41
73            android:exported="true"
73-->src\main\AndroidManifest.xml:43:13-36
74            android:theme="@style/Theme.ZapZap"
74-->src\main\AndroidManifest.xml:45:13-48
75            android:windowSoftInputMode="adjustResize" >
75-->src\main\AndroidManifest.xml:44:13-55
76            <intent-filter>
76-->src\main\AndroidManifest.xml:46:13-49:29
77                <action android:name="android.intent.action.MAIN" />
77-->src\main\AndroidManifest.xml:47:17-69
77-->src\main\AndroidManifest.xml:47:25-66
78
79                <category android:name="android.intent.category.LAUNCHER" />
79-->src\main\AndroidManifest.xml:48:17-77
79-->src\main\AndroidManifest.xml:48:27-74
80            </intent-filter>
81        </activity>
82
83        <service
83-->src\main\AndroidManifest.xml:52:9-58:19
84            android:name="com.example.zapzap.service.FCMService"
84-->src\main\AndroidManifest.xml:53:13-47
85            android:exported="false" >
85-->src\main\AndroidManifest.xml:54:13-37
86            <intent-filter>
86-->src\main\AndroidManifest.xml:55:13-57:29
87                <action android:name="com.google.firebase.MESSAGING_EVENT" />
87-->src\main\AndroidManifest.xml:56:17-78
87-->src\main\AndroidManifest.xml:56:25-75
88            </intent-filter>
89        </service>
90
91        <provider
92            android:name="androidx.core.content.FileProvider"
92-->src\main\AndroidManifest.xml:61:13-62
93            android:authorities="com.example.zapzap.provider"
93-->src\main\AndroidManifest.xml:62:13-60
94            android:exported="false"
94-->src\main\AndroidManifest.xml:63:13-37
95            android:grantUriPermissions="true" >
95-->src\main\AndroidManifest.xml:64:13-47
96            <meta-data
96-->src\main\AndroidManifest.xml:65:13-67:54
97                android:name="android.support.FILE_PROVIDER_PATHS"
97-->src\main\AndroidManifest.xml:66:17-67
98                android:resource="@xml/file_paths" />
98-->src\main\AndroidManifest.xml:67:17-51
99        </provider>
100
101        <service
101-->[androidx.camera:camera-camera2:1.4.1] AndroidManifest.xml:24:9-33:19
102            android:name="androidx.camera.core.impl.MetadataHolderService"
102-->[androidx.camera:camera-camera2:1.4.1] AndroidManifest.xml:25:13-75
103            android:enabled="false"
103-->[androidx.camera:camera-camera2:1.4.1] AndroidManifest.xml:26:13-36
104            android:exported="false" >
104-->[androidx.camera:camera-camera2:1.4.1] AndroidManifest.xml:27:13-37
105            <meta-data
105-->[androidx.camera:camera-camera2:1.4.1] AndroidManifest.xml:30:13-32:89
106                android:name="androidx.camera.core.impl.MetadataHolderService.DEFAULT_CONFIG_PROVIDER"
106-->[androidx.camera:camera-camera2:1.4.1] AndroidManifest.xml:31:17-103
107                android:value="androidx.camera.camera2.Camera2Config$DefaultProvider" />
107-->[androidx.camera:camera-camera2:1.4.1] AndroidManifest.xml:32:17-86
108        </service>
109        <service
109-->[com.google.firebase:firebase-auth-ktx:23.1.0] AndroidManifest.xml:8:9-14:19
110            android:name="com.google.firebase.components.ComponentDiscoveryService"
110-->[com.google.firebase:firebase-auth-ktx:23.1.0] AndroidManifest.xml:9:13-84
111            android:directBootAware="true"
111-->[com.google.firebase:firebase-common:21.0.0] AndroidManifest.xml:32:13-43
112            android:exported="false" >
112-->[com.google.firebase:firebase-auth-ktx:23.1.0] AndroidManifest.xml:10:13-37
113            <meta-data
113-->[com.google.firebase:firebase-auth-ktx:23.1.0] AndroidManifest.xml:11:13-13:85
114                android:name="com.google.firebase.components:com.google.firebase.auth.ktx.FirebaseAuthLegacyRegistrar"
114-->[com.google.firebase:firebase-auth-ktx:23.1.0] AndroidManifest.xml:12:17-119
115                android:value="com.google.firebase.components.ComponentRegistrar" />
115-->[com.google.firebase:firebase-auth-ktx:23.1.0] AndroidManifest.xml:13:17-82
116            <meta-data
116-->[com.google.firebase:firebase-auth:23.1.0] AndroidManifest.xml:69:13-71:85
117                android:name="com.google.firebase.components:com.google.firebase.auth.FirebaseAuthRegistrar"
117-->[com.google.firebase:firebase-auth:23.1.0] AndroidManifest.xml:70:17-109
118                android:value="com.google.firebase.components.ComponentRegistrar" />
118-->[com.google.firebase:firebase-auth:23.1.0] AndroidManifest.xml:71:17-82
119            <meta-data
119-->[com.google.firebase:firebase-storage-ktx:21.0.1] AndroidManifest.xml:12:13-14:85
120                android:name="com.google.firebase.components:com.google.firebase.storage.ktx.FirebaseStorageLegacyRegistrar"
120-->[com.google.firebase:firebase-storage-ktx:21.0.1] AndroidManifest.xml:13:17-125
121                android:value="com.google.firebase.components.ComponentRegistrar" />
121-->[com.google.firebase:firebase-storage-ktx:21.0.1] AndroidManifest.xml:14:17-82
122            <meta-data
122-->[com.google.firebase:firebase-storage:21.0.1] AndroidManifest.xml:30:13-32:85
123                android:name="com.google.firebase.components:com.google.firebase.storage.FirebaseStorageKtxRegistrar"
123-->[com.google.firebase:firebase-storage:21.0.1] AndroidManifest.xml:31:17-118
124                android:value="com.google.firebase.components.ComponentRegistrar" />
124-->[com.google.firebase:firebase-storage:21.0.1] AndroidManifest.xml:32:17-82
125            <meta-data
125-->[com.google.firebase:firebase-storage:21.0.1] AndroidManifest.xml:33:13-35:85
126                android:name="com.google.firebase.components:com.google.firebase.storage.StorageRegistrar"
126-->[com.google.firebase:firebase-storage:21.0.1] AndroidManifest.xml:34:17-107
127                android:value="com.google.firebase.components.ComponentRegistrar" />
127-->[com.google.firebase:firebase-storage:21.0.1] AndroidManifest.xml:35:17-82
128            <meta-data
128-->[com.google.firebase:firebase-database-ktx:21.0.0] AndroidManifest.xml:12:13-14:85
129                android:name="com.google.firebase.components:com.google.firebase.database.ktx.FirebaseDatabaseLegacyRegistrar"
129-->[com.google.firebase:firebase-database-ktx:21.0.0] AndroidManifest.xml:13:17-127
130                android:value="com.google.firebase.components.ComponentRegistrar" />
130-->[com.google.firebase:firebase-database-ktx:21.0.0] AndroidManifest.xml:14:17-82
131            <meta-data
131-->[com.google.firebase:firebase-database:21.0.0] AndroidManifest.xml:29:13-31:85
132                android:name="com.google.firebase.components:com.google.firebase.database.FirebaseDatabaseKtxRegistrar"
132-->[com.google.firebase:firebase-database:21.0.0] AndroidManifest.xml:30:17-120
133                android:value="com.google.firebase.components.ComponentRegistrar" />
133-->[com.google.firebase:firebase-database:21.0.0] AndroidManifest.xml:31:17-82
134            <meta-data
134-->[com.google.firebase:firebase-database:21.0.0] AndroidManifest.xml:32:13-34:85
135                android:name="com.google.firebase.components:com.google.firebase.database.DatabaseRegistrar"
135-->[com.google.firebase:firebase-database:21.0.0] AndroidManifest.xml:33:17-109
136                android:value="com.google.firebase.components.ComponentRegistrar" />
136-->[com.google.firebase:firebase-database:21.0.0] AndroidManifest.xml:34:17-82
137            <meta-data
137-->[com.google.firebase:firebase-firestore-ktx:25.1.1] AndroidManifest.xml:12:13-14:85
138                android:name="com.google.firebase.components:com.google.firebase.firestore.ktx.FirebaseFirestoreLegacyRegistrar"
138-->[com.google.firebase:firebase-firestore-ktx:25.1.1] AndroidManifest.xml:13:17-129
139                android:value="com.google.firebase.components.ComponentRegistrar" />
139-->[com.google.firebase:firebase-firestore-ktx:25.1.1] AndroidManifest.xml:14:17-82
140            <meta-data
140-->[com.google.firebase:firebase-firestore:25.1.1] AndroidManifest.xml:17:13-19:85
141                android:name="com.google.firebase.components:com.google.firebase.firestore.FirebaseFirestoreKtxRegistrar"
141-->[com.google.firebase:firebase-firestore:25.1.1] AndroidManifest.xml:18:17-122
142                android:value="com.google.firebase.components.ComponentRegistrar" />
142-->[com.google.firebase:firebase-firestore:25.1.1] AndroidManifest.xml:19:17-82
143            <meta-data
143-->[com.google.firebase:firebase-firestore:25.1.1] AndroidManifest.xml:20:13-22:85
144                android:name="com.google.firebase.components:com.google.firebase.firestore.FirestoreRegistrar"
144-->[com.google.firebase:firebase-firestore:25.1.1] AndroidManifest.xml:21:17-111
145                android:value="com.google.firebase.components.ComponentRegistrar" />
145-->[com.google.firebase:firebase-firestore:25.1.1] AndroidManifest.xml:22:17-82
146            <meta-data
146-->[com.google.firebase:firebase-messaging-ktx:24.1.0] AndroidManifest.xml:26:13-28:85
147                android:name="com.google.firebase.components:com.google.firebase.messaging.ktx.FirebaseMessagingLegacyRegistrar"
147-->[com.google.firebase:firebase-messaging-ktx:24.1.0] AndroidManifest.xml:27:17-129
148                android:value="com.google.firebase.components.ComponentRegistrar" />
148-->[com.google.firebase:firebase-messaging-ktx:24.1.0] AndroidManifest.xml:28:17-82
149            <meta-data
149-->[com.google.firebase:firebase-messaging:24.1.0] AndroidManifest.xml:57:13-59:85
150                android:name="com.google.firebase.components:com.google.firebase.messaging.FirebaseMessagingKtxRegistrar"
150-->[com.google.firebase:firebase-messaging:24.1.0] AndroidManifest.xml:58:17-122
151                android:value="com.google.firebase.components.ComponentRegistrar" />
151-->[com.google.firebase:firebase-messaging:24.1.0] AndroidManifest.xml:59:17-82
152            <meta-data
152-->[com.google.firebase:firebase-messaging:24.1.0] AndroidManifest.xml:60:13-62:85
153                android:name="com.google.firebase.components:com.google.firebase.messaging.FirebaseMessagingRegistrar"
153-->[com.google.firebase:firebase-messaging:24.1.0] AndroidManifest.xml:61:17-119
154                android:value="com.google.firebase.components.ComponentRegistrar" />
154-->[com.google.firebase:firebase-messaging:24.1.0] AndroidManifest.xml:62:17-82
155            <meta-data
155-->[com.google.firebase:firebase-appcheck:18.0.0] AndroidManifest.xml:25:13-27:85
156                android:name="com.google.firebase.components:com.google.firebase.appcheck.FirebaseAppCheckKtxRegistrar"
156-->[com.google.firebase:firebase-appcheck:18.0.0] AndroidManifest.xml:26:17-120
157                android:value="com.google.firebase.components.ComponentRegistrar" />
157-->[com.google.firebase:firebase-appcheck:18.0.0] AndroidManifest.xml:27:17-82
158            <meta-data
158-->[com.google.firebase:firebase-appcheck:18.0.0] AndroidManifest.xml:28:13-30:85
159                android:name="com.google.firebase.components:com.google.firebase.appcheck.FirebaseAppCheckRegistrar"
159-->[com.google.firebase:firebase-appcheck:18.0.0] AndroidManifest.xml:29:17-117
160                android:value="com.google.firebase.components.ComponentRegistrar" />
160-->[com.google.firebase:firebase-appcheck:18.0.0] AndroidManifest.xml:30:17-82
161            <meta-data
161-->[com.google.firebase:firebase-installations:18.0.0] AndroidManifest.xml:15:13-17:85
162                android:name="com.google.firebase.components:com.google.firebase.installations.FirebaseInstallationsKtxRegistrar"
162-->[com.google.firebase:firebase-installations:18.0.0] AndroidManifest.xml:16:17-130
163                android:value="com.google.firebase.components.ComponentRegistrar" />
163-->[com.google.firebase:firebase-installations:18.0.0] AndroidManifest.xml:17:17-82
164            <meta-data
164-->[com.google.firebase:firebase-installations:18.0.0] AndroidManifest.xml:18:13-20:85
165                android:name="com.google.firebase.components:com.google.firebase.installations.FirebaseInstallationsRegistrar"
165-->[com.google.firebase:firebase-installations:18.0.0] AndroidManifest.xml:19:17-127
166                android:value="com.google.firebase.components.ComponentRegistrar" />
166-->[com.google.firebase:firebase-installations:18.0.0] AndroidManifest.xml:20:17-82
167            <meta-data
167-->[com.google.firebase:firebase-common-ktx:21.0.0] AndroidManifest.xml:12:13-14:85
168                android:name="com.google.firebase.components:com.google.firebase.ktx.FirebaseCommonLegacyRegistrar"
168-->[com.google.firebase:firebase-common-ktx:21.0.0] AndroidManifest.xml:13:17-116
169                android:value="com.google.firebase.components.ComponentRegistrar" />
169-->[com.google.firebase:firebase-common-ktx:21.0.0] AndroidManifest.xml:14:17-82
170            <meta-data
170-->[com.google.firebase:firebase-common:21.0.0] AndroidManifest.xml:35:13-37:85
171                android:name="com.google.firebase.components:com.google.firebase.FirebaseCommonKtxRegistrar"
171-->[com.google.firebase:firebase-common:21.0.0] AndroidManifest.xml:36:17-109
172                android:value="com.google.firebase.components.ComponentRegistrar" />
172-->[com.google.firebase:firebase-common:21.0.0] AndroidManifest.xml:37:17-82
173            <meta-data
173-->[com.google.firebase:firebase-datatransport:18.2.0] AndroidManifest.xml:25:13-27:85
174                android:name="com.google.firebase.components:com.google.firebase.datatransport.TransportRegistrar"
174-->[com.google.firebase:firebase-datatransport:18.2.0] AndroidManifest.xml:26:17-115
175                android:value="com.google.firebase.components.ComponentRegistrar" />
175-->[com.google.firebase:firebase-datatransport:18.2.0] AndroidManifest.xml:27:17-82
176        </service>
177
178        <activity
178-->[com.google.firebase:firebase-auth:23.1.0] AndroidManifest.xml:29:9-46:20
179            android:name="com.google.firebase.auth.internal.GenericIdpActivity"
179-->[com.google.firebase:firebase-auth:23.1.0] AndroidManifest.xml:30:13-80
180            android:excludeFromRecents="true"
180-->[com.google.firebase:firebase-auth:23.1.0] AndroidManifest.xml:31:13-46
181            android:exported="true"
181-->[com.google.firebase:firebase-auth:23.1.0] AndroidManifest.xml:32:13-36
182            android:launchMode="singleTask"
182-->[com.google.firebase:firebase-auth:23.1.0] AndroidManifest.xml:33:13-44
183            android:theme="@android:style/Theme.Translucent.NoTitleBar" >
183-->[com.google.firebase:firebase-auth:23.1.0] AndroidManifest.xml:34:13-72
184            <intent-filter>
184-->[com.google.firebase:firebase-auth:23.1.0] AndroidManifest.xml:35:13-45:29
185                <action android:name="android.intent.action.VIEW" />
185-->[com.google.firebase:firebase-auth:23.1.0] AndroidManifest.xml:36:17-69
185-->[com.google.firebase:firebase-auth:23.1.0] AndroidManifest.xml:36:25-66
186
187                <category android:name="android.intent.category.DEFAULT" />
187-->[com.google.firebase:firebase-auth:23.1.0] AndroidManifest.xml:38:17-76
187-->[com.google.firebase:firebase-auth:23.1.0] AndroidManifest.xml:38:27-73
188                <category android:name="android.intent.category.BROWSABLE" />
188-->[com.google.firebase:firebase-auth:23.1.0] AndroidManifest.xml:39:17-78
188-->[com.google.firebase:firebase-auth:23.1.0] AndroidManifest.xml:39:27-75
189
190                <data
190-->[com.google.firebase:firebase-auth:23.1.0] AndroidManifest.xml:41:17-44:51
191                    android:host="firebase.auth"
191-->[com.google.firebase:firebase-auth:23.1.0] AndroidManifest.xml:42:21-49
192                    android:path="/"
192-->[com.google.firebase:firebase-auth:23.1.0] AndroidManifest.xml:43:21-37
193                    android:scheme="genericidp" />
193-->[com.google.firebase:firebase-auth:23.1.0] AndroidManifest.xml:44:21-48
194            </intent-filter>
195        </activity>
196        <activity
196-->[com.google.firebase:firebase-auth:23.1.0] AndroidManifest.xml:47:9-64:20
197            android:name="com.google.firebase.auth.internal.RecaptchaActivity"
197-->[com.google.firebase:firebase-auth:23.1.0] AndroidManifest.xml:48:13-79
198            android:excludeFromRecents="true"
198-->[com.google.firebase:firebase-auth:23.1.0] AndroidManifest.xml:49:13-46
199            android:exported="true"
199-->[com.google.firebase:firebase-auth:23.1.0] AndroidManifest.xml:50:13-36
200            android:launchMode="singleTask"
200-->[com.google.firebase:firebase-auth:23.1.0] AndroidManifest.xml:51:13-44
201            android:theme="@android:style/Theme.Translucent.NoTitleBar" >
201-->[com.google.firebase:firebase-auth:23.1.0] AndroidManifest.xml:52:13-72
202            <intent-filter>
202-->[com.google.firebase:firebase-auth:23.1.0] AndroidManifest.xml:53:13-63:29
203                <action android:name="android.intent.action.VIEW" />
203-->[com.google.firebase:firebase-auth:23.1.0] AndroidManifest.xml:36:17-69
203-->[com.google.firebase:firebase-auth:23.1.0] AndroidManifest.xml:36:25-66
204
205                <category android:name="android.intent.category.DEFAULT" />
205-->[com.google.firebase:firebase-auth:23.1.0] AndroidManifest.xml:38:17-76
205-->[com.google.firebase:firebase-auth:23.1.0] AndroidManifest.xml:38:27-73
206                <category android:name="android.intent.category.BROWSABLE" />
206-->[com.google.firebase:firebase-auth:23.1.0] AndroidManifest.xml:39:17-78
206-->[com.google.firebase:firebase-auth:23.1.0] AndroidManifest.xml:39:27-75
207
208                <data
208-->[com.google.firebase:firebase-auth:23.1.0] AndroidManifest.xml:41:17-44:51
209                    android:host="firebase.auth"
209-->[com.google.firebase:firebase-auth:23.1.0] AndroidManifest.xml:42:21-49
210                    android:path="/"
210-->[com.google.firebase:firebase-auth:23.1.0] AndroidManifest.xml:43:21-37
211                    android:scheme="recaptcha" />
211-->[com.google.firebase:firebase-auth:23.1.0] AndroidManifest.xml:44:21-48
212            </intent-filter>
213        </activity>
214
215        <service
215-->[androidx.credentials:credentials-play-services-auth:1.3.0] AndroidManifest.xml:24:9-32:19
216            android:name="androidx.credentials.playservices.CredentialProviderMetadataHolder"
216-->[androidx.credentials:credentials-play-services-auth:1.3.0] AndroidManifest.xml:25:13-94
217            android:enabled="true"
217-->[androidx.credentials:credentials-play-services-auth:1.3.0] AndroidManifest.xml:26:13-35
218            android:exported="false" >
218-->[androidx.credentials:credentials-play-services-auth:1.3.0] AndroidManifest.xml:27:13-37
219            <meta-data
219-->[androidx.credentials:credentials-play-services-auth:1.3.0] AndroidManifest.xml:29:13-31:104
220                android:name="androidx.credentials.CREDENTIAL_PROVIDER_KEY"
220-->[androidx.credentials:credentials-play-services-auth:1.3.0] AndroidManifest.xml:30:17-76
221                android:value="androidx.credentials.playservices.CredentialProviderPlayServicesImpl" />
221-->[androidx.credentials:credentials-play-services-auth:1.3.0] AndroidManifest.xml:31:17-101
222        </service>
223
224        <activity
224-->[androidx.credentials:credentials-play-services-auth:1.3.0] AndroidManifest.xml:34:9-41:20
225            android:name="androidx.credentials.playservices.HiddenActivity"
225-->[androidx.credentials:credentials-play-services-auth:1.3.0] AndroidManifest.xml:35:13-76
226            android:configChanges="orientation|screenSize|screenLayout|keyboardHidden"
226-->[androidx.credentials:credentials-play-services-auth:1.3.0] AndroidManifest.xml:36:13-87
227            android:enabled="true"
227-->[androidx.credentials:credentials-play-services-auth:1.3.0] AndroidManifest.xml:37:13-35
228            android:exported="false"
228-->[androidx.credentials:credentials-play-services-auth:1.3.0] AndroidManifest.xml:38:13-37
229            android:fitsSystemWindows="true"
229-->[androidx.credentials:credentials-play-services-auth:1.3.0] AndroidManifest.xml:39:13-45
230            android:theme="@style/Theme.Hidden" >
230-->[androidx.credentials:credentials-play-services-auth:1.3.0] AndroidManifest.xml:40:13-48
231        </activity>
232        <activity
232-->[com.google.android.gms:play-services-auth:21.3.0] AndroidManifest.xml:23:9-27:75
233            android:name="com.google.android.gms.auth.api.signin.internal.SignInHubActivity"
233-->[com.google.android.gms:play-services-auth:21.3.0] AndroidManifest.xml:24:13-93
234            android:excludeFromRecents="true"
234-->[com.google.android.gms:play-services-auth:21.3.0] AndroidManifest.xml:25:13-46
235            android:exported="false"
235-->[com.google.android.gms:play-services-auth:21.3.0] AndroidManifest.xml:26:13-37
236            android:theme="@android:style/Theme.Translucent.NoTitleBar" />
236-->[com.google.android.gms:play-services-auth:21.3.0] AndroidManifest.xml:27:13-72
237        <!--
238            Service handling Google Sign-In user revocation. For apps that do not integrate with
239            Google Sign-In, this service will never be started.
240        -->
241        <service
241-->[com.google.android.gms:play-services-auth:21.3.0] AndroidManifest.xml:33:9-37:51
242            android:name="com.google.android.gms.auth.api.signin.RevocationBoundService"
242-->[com.google.android.gms:play-services-auth:21.3.0] AndroidManifest.xml:34:13-89
243            android:exported="true"
243-->[com.google.android.gms:play-services-auth:21.3.0] AndroidManifest.xml:35:13-36
244            android:permission="com.google.android.gms.auth.api.signin.permission.REVOCATION_NOTIFICATION"
244-->[com.google.android.gms:play-services-auth:21.3.0] AndroidManifest.xml:36:13-107
245            android:visibleToInstantApps="true" /> <!-- Needs to be explicitly declared on P+ -->
245-->[com.google.android.gms:play-services-auth:21.3.0] AndroidManifest.xml:37:13-48
246        <uses-library
246-->[com.google.android.gms:play-services-maps:19.0.0] AndroidManifest.xml:39:9-41:40
247            android:name="org.apache.http.legacy"
247-->[com.google.android.gms:play-services-maps:19.0.0] AndroidManifest.xml:40:13-50
248            android:required="false" />
248-->[com.google.android.gms:play-services-maps:19.0.0] AndroidManifest.xml:41:13-37
249
250        <receiver
250-->[com.google.firebase:firebase-messaging:24.1.0] AndroidManifest.xml:29:9-40:20
251            android:name="com.google.firebase.iid.FirebaseInstanceIdReceiver"
251-->[com.google.firebase:firebase-messaging:24.1.0] AndroidManifest.xml:30:13-78
252            android:exported="true"
252-->[com.google.firebase:firebase-messaging:24.1.0] AndroidManifest.xml:31:13-36
253            android:permission="com.google.android.c2dm.permission.SEND" >
253-->[com.google.firebase:firebase-messaging:24.1.0] AndroidManifest.xml:32:13-73
254            <intent-filter>
254-->[com.google.firebase:firebase-messaging:24.1.0] AndroidManifest.xml:33:13-35:29
255                <action android:name="com.google.android.c2dm.intent.RECEIVE" />
255-->[com.google.firebase:firebase-messaging:24.1.0] AndroidManifest.xml:34:17-81
255-->[com.google.firebase:firebase-messaging:24.1.0] AndroidManifest.xml:34:25-78
256            </intent-filter>
257
258            <meta-data
258-->[com.google.firebase:firebase-messaging:24.1.0] AndroidManifest.xml:37:13-39:40
259                android:name="com.google.android.gms.cloudmessaging.FINISHED_AFTER_HANDLED"
259-->[com.google.firebase:firebase-messaging:24.1.0] AndroidManifest.xml:38:17-92
260                android:value="true" />
260-->[com.google.firebase:firebase-messaging:24.1.0] AndroidManifest.xml:39:17-37
261        </receiver>
262        <!--
263             FirebaseMessagingService performs security checks at runtime,